[    0.000000] Linux version 4.15.0-159-generic (buildd@lgw01-amd64-055) (gcc version 7.5.0 (Ubuntu 7.5.0-3ubuntu1~18.04)) #167-Ubuntu SMP Tue Sep 21 08:55:05 UTC 2021 (Ubuntu 4.15.0-159.167-generic 4.15.18)
[    0.000000] Command line: BOOT_IMAGE=/boot/vmlinuz-4.15.0-159-generic root=LABEL=cloudimg-rootfs ro console=tty1 console=ttyS0
[    0.000000] KERNEL supported cpus:
[    0.000000]   Intel GenuineIntel
[    0.000000]   AMD AuthenticAMD
[    0.000000]   Centaur CentaurHauls
[    0.000000] x86/fpu: x87 FPU will use FXSAVE
[    0.000000] e820: BIOS-provided physical RAM map:
[    0.000000] BIOS-e820: [mem 0x0000000000000000-0x000000000009fbff] usable
[    0.000000] BIOS-e820: [mem 0x000000000009fc00-0x000000000009ffff] reserved
[    0.000000] BIOS-e820: [mem 0x00000000000f0000-0x00000000000fffff] reserved
[    0.000000] BIOS-e820: [mem 0x0000000000100000-0x000000007ffeffff] usable
[    0.000000] BIOS-e820: [mem 0x000000007fff0000-0x000000007fffffff] ACPI data
[    0.000000] BIOS-e820: [mem 0x00000000fec00000-0x00000000fec00fff] reserved
[    0.000000] BIOS-e820: [mem 0x00000000fee00000-0x00000000fee00fff] reserved
[    0.000000] BIOS-e820: [mem 0x00000000fffc0000-0x00000000ffffffff] reserved
[    0.000000] NX (Execute Disable) protection: active
[    0.000000] SMBIOS 2.5 present.
[    0.000000] DMI: innotek GmbH VirtualBox/VirtualBox, BIOS VirtualBox 12/01/2006
[    0.000000] Hypervisor detected: KVM
[    0.000000] e820: last_pfn = 0x7fff0 max_arch_pfn = 0x400000000
[    0.000000] MTRR: Disabled
[    0.000000] x86/PAT: MTRRs disabled, skipping PAT initialization too.
[    0.000000] CPU MTRRs all blank - virtualized system.
[    0.000000] x86/PAT: Configuration [0-7]: WB  WT  UC- UC  WB  WT  UC- UC  
[    0.000000] found SMP MP-table at [mem 0x0009fff0-0x0009ffff]
[    0.000000] Scanning 1 areas for low memory corruption
[    0.000000] RAMDISK: [mem 0x359cb000-0x36cdcfff]
[    0.000000] ACPI: Early table checksum verification disabled
[    0.000000] ACPI: RSDP 0x00000000000E0000 000024 (v02 VBOX  )
[    0.000000] ACPI: XSDT 0x000000007FFF0030 00003C (v01 VBOX   VBOXXSDT 00000001 ASL  00000061)
[    0.000000] ACPI: FACP 0x000000007FFF00F0 0000F4 (v04 VBOX   VBOXFACP 00000001 ASL  00000061)
[    0.000000] ACPI: DSDT 0x000000007FFF0470 002325 (v02 VBOX   VBOXBIOS 00000002 INTL 20100528)
[    0.000000] ACPI: FACS 0x000000007FFF0200 000040
[    0.000000] ACPI: FACS 0x000000007FFF0200 000040
[    0.000000] ACPI: APIC 0x000000007FFF0240 00005C (v02 VBOX   VBOXAPIC 00000001 ASL  00000061)
[    0.000000] ACPI: SSDT 0x000000007FFF02A0 0001CC (v01 VBOX   VBOXCPUT 00000002 INTL 20100528)
[    0.000000] ACPI: Reserving FACP table memory at [mem 0x7fff00f0-0x7fff01e3]
[    0.000000] ACPI: Reserving DSDT table memory at [mem 0x7fff0470-0x7fff2794]
[    0.000000] ACPI: Reserving FACS table memory at [mem 0x7fff0200-0x7fff023f]
[    0.000000] ACPI: Reserving FACS table memory at [mem 0x7fff0200-0x7fff023f]
[    0.000000] ACPI: Reserving APIC table memory at [mem 0x7fff0240-0x7fff029b]
[    0.000000] ACPI: Reserving SSDT table memory at [mem 0x7fff02a0-0x7fff046b]
[    0.000000] No NUMA configuration found
[    0.000000] Faking a node at [mem 0x0000000000000000-0x000000007ffeffff]
[    0.000000] NODE_DATA(0) allocated [mem 0x7ffc5000-0x7ffeffff]
[    0.000000] kvm-clock: cpu 0, msr 0:7ff44001, primary cpu clock
[    0.000000] kvm-clock: Using msrs 4b564d01 and 4b564d00
[    0.000000] kvm-clock: using sched offset of 5429696586 cycles
[    0.000000] clocksource: kvm-clock: mask: 0xffffffffffffffff max_cycles: 0x1cd42e4dffb, max_idle_ns: 881590591483 ns
[    0.000000] Zone ranges:
[    0.000000]   DMA      [mem 0x0000000000001000-0x0000000000ffffff]
[    0.000000]   DMA32    [mem 0x0000000001000000-0x000000007ffeffff]
[    0.000000]   Normal   empty
[    0.000000]   Device   empty
[    0.000000] Movable zone start for each node
[    0.000000] Early memory node ranges
[    0.000000]   node   0: [mem 0x0000000000001000-0x000000000009efff]
[    0.000000]   node   0: [mem 0x0000000000100000-0x000000007ffeffff]
[    0.000000] Reserved but unavailable: 104 pages
[    0.000000] Initmem setup node 0 [mem 0x0000000000001000-0x000000007ffeffff]
[    0.000000] ACPI: PM-Timer IO Port: 0x4008
[    0.000000] IOAPIC[0]: apic_id 2, version 32, address 0xfec00000, GSI 0-23
[    0.000000] ACPI: INT_SRC_OVR (bus 0 bus_irq 0 global_irq 2 dfl dfl)
[    0.000000] ACPI: INT_SRC_OVR (bus 0 bus_irq 9 global_irq 9 low level)
[    0.000000] Using ACPI (MADT) for SMP configuration information
[    0.000000] smpboot: Allowing 2 CPUs, 0 hotplug CPUs
[    0.000000] PM: Registered nosave memory: [mem 0x00000000-0x00000fff]
[    0.000000] PM: Registered nosave memory: [mem 0x0009f000-0x0009ffff]
[    0.000000] PM: Registered nosave memory: [mem 0x000a0000-0x000effff]
[    0.000000] PM: Registered nosave memory: [mem 0x000f0000-0x000fffff]
[    0.000000] e820: [mem 0x80000000-0xfebfffff] available for PCI devices
[    0.000000] Booting paravirtualized kernel on KVM
[    0.000000] clocksource: refined-jiffies: mask: 0xffffffff max_cycles: 0xffffffff, max_idle_ns: 7645519600211568 ns
[    0.000000] random: get_random_bytes called from start_kernel+0x99/0x500 with crng_init=0
[    0.000000] setup_percpu: NR_CPUS:8192 nr_cpumask_bits:2 nr_cpu_ids:2 nr_node_ids:1
[    0.000000] percpu: Embedded 45 pages/cpu s147456 r8192 d28672 u1048576
[    0.000000] PV qspinlock hash table entries: 256 (order: 0, 4096 bytes)
[    0.000000] Built 1 zonelists, mobility grouping on.  Total pages: 515961
[    0.000000] Policy zone: DMA32
[    0.000000] Kernel command line: BOOT_IMAGE=/boot/vmlinuz-4.15.0-159-generic root=LABEL=cloudimg-rootfs ro console=tty1 console=ttyS0
[    0.000000] Memory: 2014900K/2096696K available (12300K kernel code, 2483K rwdata, 4320K rodata, 2448K init, 2724K bss, 81796K reserved, 0K cma-reserved)
[    0.000000] SLUB: HWalign=64, Order=0-3, MinObjects=0, CPUs=2, Nodes=1
[    0.000000] Kernel/User page tables isolation: enabled
[    0.000000] ftrace: allocating 39471 entries in 155 pages
[    0.004000] Hierarchical RCU implementation.
[    0.004000] 	RCU restricting CPUs from NR_CPUS=8192 to nr_cpu_ids=2.
[    0.004000] 	Tasks RCU enabled.
[    0.004000] RCU: Adjusting geometry for rcu_fanout_leaf=16, nr_cpu_ids=2
[    0.004000] NR_IRQS: 524544, nr_irqs: 440, preallocated irqs: 16
[    0.004000] Console: colour VGA+ 80x25
[    0.004000] console [tty1] enabled
[    0.004000] console [ttyS0] enabled
[    0.004000] ACPI: Core revision 20170831
[    0.004000] ACPI: 2 ACPI AML tables successfully acquired and loaded
[    0.004000] APIC: Switch to symmetric I/O mode setup
[    0.004000] ..TIMER: vector=0x30 apic1=0 pin1=2 apic2=-1 pin2=-1
[    0.004000] tsc: Detected 2999.994 MHz processor
[    0.004000] Calibrating delay loop (skipped) preset value.. 5999.98 BogoMIPS (lpj=11999976)
[    0.004006] pid_max: default: 32768 minimum: 301
[    0.008072] Security Framework initialized
[    0.012003] Yama: becoming mindful.
[    0.016085] AppArmor: AppArmor initialized
[    0.031304] Dentry cache hash table entries: 262144 (order: 9, 2097152 bytes)
[    0.038989] Inode-cache hash table entries: 131072 (order: 8, 1048576 bytes)
[    0.044068] Mount-cache hash table entries: 4096 (order: 3, 32768 bytes)
[    0.048132] Mountpoint-cache hash table entries: 4096 (order: 3, 32768 bytes)
[    0.053145] Last level iTLB entries: 4KB 128, 2MB 8, 4MB 8
[    0.056005] Last level dTLB entries: 4KB 64, 2MB 0, 4MB 0, 1GB 4
[    0.060004] Spectre V1 : Mitigation: usercopy/swapgs barriers and __user pointer sanitization
[    0.064006] Spectre V2 : Mitigation: Full generic retpoline
[    0.068003] Spectre V2 : Spectre v2 / SpectreRSB mitigation: Filling RSB on context switch
[    0.072002] Speculative Store Bypass: Vulnerable
[    0.076040] MDS: Mitigation: Clear CPU buffers
[    0.080140] Freeing SMP alternatives memory: 36K
[    0.212075] APIC calibration not consistent with PM-Timer: 113ms instead of 100ms
[    0.216000] APIC delta adjusted to PM-Timer: 6403364 (7260345)
[    0.216559] smpboot: CPU0: Intel(R) Core(TM) i5-8500 CPU @ 3.00GHz (family: 0x6, model: 0x9e, stepping: 0xa)
[    0.220000] Performance Events: unsupported p6 CPU model 158 no PMU driver, software events only.
[    0.220000] Hierarchical SRCU implementation.
[    0.220000] NMI watchdog: Perf event create on CPU 0 failed with -2
[    0.220000] NMI watchdog: Perf NMI watchdog permanently disabled
[    0.220000] smp: Bringing up secondary CPUs ...
[    0.220000] x86: Booting SMP configuration:
[    0.220000] .... node  #0, CPUs:      #1
[    0.004000] kvm-clock: cpu 1, msr 0:7ff44041, secondary cpu clock
[    0.231230] TSC synchronization [CPU#0 -> CPU#1]:
[    0.232000] Measured 61661 cycles TSC warp between CPUs, turning off TSC clock.
[    0.232000] tsc: Marking TSC unstable due to check_tsc_sync_source failed
[    0.236190] smp: Brought up 1 node, 2 CPUs
[    0.240008] smpboot: Max logical packages: 1
[    0.244004] smpboot: Total of 2 processors activated (11999.97 BogoMIPS)
[    0.248558] devtmpfs: initialized
[    0.252112] x86/mm: Memory block size: 128MB
[    0.256547] evm: security.selinux
[    0.260002] evm: security.SMACK64
[    0.264086] evm: security.SMACK64EXEC
[    0.267322] evm: security.SMACK64TRANSMUTE
[    0.268004] evm: security.SMACK64MMAP
[    0.271126] evm: security.apparmor
[    0.272005] evm: security.ima
[    0.274699] evm: security.capability
[    0.280466] clocksource: jiffies: mask: 0xffffffff max_cycles: 0xffffffff, max_idle_ns: 7645041785100000 ns
[    0.284023] futex hash table entries: 512 (order: 3, 32768 bytes)
[    0.288177] pinctrl core: initialized pinctrl subsystem
[    0.296135] RTC time: 11:32:12, date: 12/14/21
[    0.301309] NET: Registered protocol family 16
[    0.304183] audit: initializing netlink subsys (disabled)
[    0.312231] audit: type=2000 audit(1639481539.597:1): state=initialized audit_enabled=0 res=1
[    0.328009] cpuidle: using governor ladder
[    0.332008] cpuidle: using governor menu
[    0.336040] ACPI: bus type PCI registered
[    0.340005] acpiphp: ACPI Hot Plug PCI Controller Driver version: 0.5
[    0.346726] PCI: Using configuration type 1 for base access
[    0.352553] HugeTLB registered 2.00 MiB page size, pre-allocated 0 pages
[    0.360634] ACPI: Added _OSI(Module Device)
[    0.364006] ACPI: Added _OSI(Processor Device)
[    0.368004] ACPI: Added _OSI(3.0 _SCP Extensions)
[    0.372002] ACPI: Added _OSI(Processor Aggregator Device)
[    0.376007] ACPI: Added _OSI(Linux-Dell-Video)
[    0.379293] ACPI: Added _OSI(Linux-Lenovo-NV-HDMI-Audio)
[    0.380006] ACPI: Added _OSI(Linux-HPI-Hybrid-Graphics)
[    0.384754] ACPI: Executed 1 blocks of module-level executable AML code
[    0.393965] ACPI: Interpreter enabled
[    0.396013] ACPI: (supports S0 S5)
[    0.398442] ACPI: Using IOAPIC for interrupt routing
[    0.404303] PCI: Using host bridge windows from ACPI; if necessary, use "pci=nocrs" and report a bug
[    0.408243] ACPI: Enabled 2 GPEs in block 00 to 07
[    0.421352] ACPI: PCI Root Bridge [PCI0] (domain 0000 [bus 00-ff])
[    0.424012] acpi PNP0A03:00: _OSC: OS supports [ASPM ClockPM Segments MSI]
[    0.428646] acpi PNP0A03:00: _OSC: not requesting OS control; OS requires [ExtendedConfig ASPM ClockPM MSI]
[    0.432022] acpi PNP0A03:00: fail to add MMCONFIG information, can't access extended PCI configuration space under this bridge.
[    0.436658] PCI host bridge to bus 0000:00
[    0.440008] pci_bus 0000:00: root bus resource [io  0x0000-0x0cf7 window]
[    0.444005] pci_bus 0000:00: root bus resource [io  0x0d00-0xffff window]
[    0.448003] pci_bus 0000:00: root bus resource [mem 0x000a0000-0x000bffff window]
[    0.452008] pci_bus 0000:00: root bus resource [mem 0x80000000-0xfdffffff window]
[    0.456007] pci_bus 0000:00: root bus resource [bus 00-ff]
[    0.466012] pci 0000:00:01.1: legacy IDE quirk: reg 0x10: [io  0x01f0-0x01f7]
[    0.468007] pci 0000:00:01.1: legacy IDE quirk: reg 0x14: [io  0x03f6]
[    0.472005] pci 0000:00:01.1: legacy IDE quirk: reg 0x18: [io  0x0170-0x0177]
[    0.476005] pci 0000:00:01.1: legacy IDE quirk: reg 0x1c: [io  0x0376]
[    0.544755] pci 0000:00:07.0: quirk: [io  0x4000-0x403f] claimed by PIIX4 ACPI
[    0.556027] pci 0000:00:07.0: quirk: [io  0x4100-0x410f] claimed by PIIX4 SMB
[    0.580601] ACPI: PCI Interrupt Link [LNKA] (IRQs 5 9 10 *11)
[    0.592226] ACPI: PCI Interrupt Link [LNKB] (IRQs 5 9 *10 11)
[    0.600183] ACPI: PCI Interrupt Link [LNKC] (IRQs 5 *9 10 11)
[    0.612160] ACPI: PCI Interrupt Link [LNKD] (IRQs 5 9 10 *11)
[    0.628127] SCSI subsystem initialized
[    0.632216] pci 0000:00:02.0: vgaarb: setting as boot VGA device
[    0.636000] pci 0000:00:02.0: vgaarb: VGA device added: decodes=io+mem,owns=io+mem,locks=none
[    0.664007] pci 0000:00:02.0: vgaarb: bridge control possible
[    0.672002] vgaarb: loaded
[    0.676069] ACPI: bus type USB registered
[    0.684053] usbcore: registered new interface driver usbfs
[    0.696013] usbcore: registered new interface driver hub
[    0.704010] usbcore: registered new device driver usb
[    0.716182] EDAC MC: Ver: 3.0.0
[    0.724543] PCI: Using ACPI for IRQ routing
[    0.736448] NetLabel: Initializing
[    0.740003] NetLabel:  domain hash size = 128
[    0.748002] NetLabel:  protocols = UNLABELED CIPSOv4 CALIPSO
[    0.760020] NetLabel:  unlabeled traffic allowed by default
[    0.772259] clocksource: Switched to clocksource kvm-clock
[    0.829184] VFS: Disk quotas dquot_6.6.0
[    0.832897] VFS: Dquot-cache hash table entries: 512 (order 0, 4096 bytes)
[    0.839593] AppArmor: AppArmor Filesystem Enabled
[    0.845701] pnp: PnP ACPI init
[    0.849899] pnp: PnP ACPI: found 3 devices
[    0.861613] clocksource: acpi_pm: mask: 0xffffff max_cycles: 0xffffff, max_idle_ns: 2085701024 ns
[    0.871050] NET: Registered protocol family 2
[    0.877084] IP idents hash table entries: 32768 (order: 6, 262144 bytes)
[    0.883254] TCP established hash table entries: 16384 (order: 5, 131072 bytes)
[    0.891931] TCP bind hash table entries: 16384 (order: 6, 262144 bytes)
[    0.903300] TCP: Hash tables configured (established 16384 bind 16384)
[    0.911451] UDP hash table entries: 1024 (order: 3, 32768 bytes)
[    0.918449] UDP-Lite hash table entries: 1024 (order: 3, 32768 bytes)
[    0.925432] NET: Registered protocol family 1
[    0.929763] pci 0000:00:00.0: Limiting direct PCI/PCI transfers
[    0.935617] pci 0000:00:01.0: Activating ISA DMA hang workarounds
[    0.943157] pci 0000:00:02.0: Video device with shadowed ROM at [mem 0x000c0000-0x000dffff]
[    0.953618] Unpacking initramfs...
[    1.496203] Freeing initrd memory: 19528K
[    1.502681] clocksource: tsc: mask: 0xffffffffffffffff max_cycles: 0x2b3e3fac9a0, max_idle_ns: 440795340953 ns
[    1.513861] platform rtc_cmos: registered platform RTC device (no PNP device found)
[    1.521660] Scanning for low memory corruption every 60 seconds
[    1.528635] Initialise system trusted keyrings
[    1.533348] Key type blacklist registered
[    1.537925] workingset: timestamp_bits=36 max_order=19 bucket_order=0
[    1.547064] zbud: loaded
[    1.551682] squashfs: version 4.0 (2009/01/31) Phillip Lougher
[    1.559886] fuse init (API version 7.26)
[    1.588327] Key type asymmetric registered
[    1.592031] Asymmetric key parser 'x509' registered
[    1.598405] Block layer SCSI generic (bsg) driver version 0.4 loaded (major 246)
[    1.606752] io scheduler noop registered
[    1.611401] io scheduler deadline registered
[    1.616690] io scheduler cfq registered (default)
[    1.622302] ACPI: AC Adapter [AC] (on-line)
[    1.626533] input: Power Button as /devices/LNXSYSTM:00/LNXPWRBN:00/input/input0
[    1.635590] ACPI: Power Button [PWRF]
[    1.640521] input: Sleep Button as /devices/LNXSYSTM:00/LNXSLPBN:00/input/input1
[    1.647084] ACPI: Sleep Button [SLPF]
[    1.652591] Serial: 8250/16550 driver, 32 ports, IRQ sharing enabled
[    1.688234] 00:02: ttyS0 at I/O 0x3f8 (irq = 4, base_baud = 115200) is a 16550A
[    1.697941] Linux agpgart interface v0.103
[    1.710426] loop: module loaded
[    1.715740] scsi host0: ata_piix
[    1.721340] scsi host1: ata_piix
[    1.724998] ata1: PATA max UDMA/33 cmd 0x1f0 ctl 0x3f6 bmdma 0xd000 irq 14
[    1.732358] ata2: PATA max UDMA/33 cmd 0x170 ctl 0x376 bmdma 0xd008 irq 15
[    1.738676] libphy: Fixed MDIO Bus: probed
[    1.743685] tun: Universal TUN/TAP device driver, 1.6
[    1.750276] PPP generic driver version 2.4.2
[    1.755080] ehci_hcd: USB 2.0 'Enhanced' Host Controller (EHCI) Driver
[    1.762683] ehci-pci: EHCI PCI platform driver
[    1.768548] ehci-platform: EHCI generic platform driver
[    1.773494] ohci_hcd: USB 1.1 'Open' Host Controller (OHCI) Driver
[    1.779648] ohci-pci: OHCI PCI platform driver
[    1.785857] ohci-platform: OHCI generic platform driver
[    1.791317] uhci_hcd: USB Universal Host Controller Interface driver
[    1.799076] i8042: PNP: PS/2 Controller [PNP0303:PS2K,PNP0f03:PS2M] at 0x60,0x64 irq 1,12
[    1.811582] serio: i8042 KBD port at 0x60,0x64 irq 1
[    1.817646] serio: i8042 AUX port at 0x60,0x64 irq 12
[    1.822913] mousedev: PS/2 mouse device common for all mice
[    1.831026] input: AT Translated Set 2 keyboard as /devices/platform/i8042/serio0/input/input2
[    1.842490] rtc_cmos rtc_cmos: rtc core: registered rtc_cmos as rtc0
[    1.849026] rtc_cmos rtc_cmos: alarms up to one day, 114 bytes nvram
[    1.854122] i2c /dev entries driver
[    1.857358] device-mapper: uevent: version 1.0.3
[    1.862639] device-mapper: ioctl: 4.37.0-ioctl (2017-09-20) initialised: dm-devel@redhat.com
[    1.873052] ledtrig-cpu: registered to indicate activity on CPUs
[    1.881806] NET: Registered protocol family 10
[    1.894031] Segment Routing with IPv6
[    1.900379] NET: Registered protocol family 17
[    1.932852] Key type dns_resolver registered
[    1.962014] mce: Using 0 MCE banks
[    1.964904] RAS: Correctable Errors collector initialized.
[    1.969220] sched_clock: Marking stable (1969165405, 0)->(2964432605, -995267200)
[    1.978026] registered taskstats version 1
[    1.981483] Loading compiled-in X.509 certificates
[    1.989951] Loaded X.509 cert 'Build time autogenerated kernel key: bf5768e0b2369bd53acb56866ca104cf5a2c379b'
[    1.997793] Loaded X.509 cert 'Canonical Ltd. Live Patch Signing: 14df34d1a87cf37625abec039ef2bf521249b969'
[    2.008154] Loaded X.509 cert 'Canonical Ltd. Kernel Module Signing: 88f752e560a1e0737e31163a466ad7b70a850c19'
[    2.020752] zswap: loaded using pool lzo/zbud
[    2.035854] Key type big_key registered
[    2.040870] Key type trusted registered
[    2.048755] Key type encrypted registered
[    2.052788] AppArmor: AppArmor sha1 policy hashing enabled
[    2.058229] ima: No TPM chip found, activating TPM-bypass! (rc=-19)
[    2.064736] ima: Allocated hash algorithm: sha1
[    2.069181] evm: HMAC attrs: 0x1
[    2.072776]   Magic number: 1:732:529
[    2.076834] rtc_cmos rtc_cmos: setting system clock to 2021-12-14 11:32:14 UTC (1639481534)
[    2.085558] BIOS EDD facility v0.16 2004-Jun-25, 0 devices found
[    2.091660] EDD information not available.
[    2.100043] Freeing unused kernel image memory: 2448K
[    2.145080] Write protecting the kernel read-only data: 20480k
[    2.153919] Freeing unused kernel image memory: 2008K
[    2.160677] Freeing unused kernel image memory: 1824K
[    2.171090] x86/mm: Checked W+X mappings: passed, no W+X pages found.
[    2.179412] x86/mm: Checking user space page tables
[    2.191127] x86/mm: Checked W+X mappings: passed, no W+X pages found.
Loading, please wait...
starting version 237
[    2.295065] e1000: Intel(R) PRO/1000 Network Driver - version 7.3.21-k8-NAPI
[    2.303582] e1000: Copyright (c) 1999-2006 Intel Corporation.
[    2.320567] Fusion MPT base driver 3.04.20
[    2.326184] Copyright (c) 1999-2008 LSI Corporation
[    2.351578] Fusion MPT SPI Host driver 3.04.20
[    2.594433] input: ImExPS/2 Generic Explorer Mouse as /devices/platform/i8042/serio1/input/input4
[    3.224495] e1000 0000:00:03.0 eth0: (PCI:33MHz:32-bit) 02:2f:77:f1:0c:e0
[    3.230026] e1000 0000:00:03.0 eth0: Intel(R) PRO/1000 Network Connection
[    3.239018] e1000 0000:00:03.0 enp0s3: renamed from eth0
[    3.240250] mptbase: ioc0: Initiating bringup
[    3.346868] ioc0: LSI53C1030 A0: Capabilities={Initiator}
[    4.211213] scsi host2: ioc0: LSI53C1030 A0, FwRev=00000000h, Ports=1, MaxQ=256, IRQ=20
[    4.593639] scsi 2:0:0:0: Direct-Access     VBOX     HARDDISK         1.0  PQ: 0 ANSI: 5
[    4.632090] scsi target2:0:0: Beginning Domain Validation
[    4.645883] scsi target2:0:0: Domain Validation skipping write tests
[    4.652569] scsi target2:0:0: Ending Domain Validation
[    4.658047] scsi target2:0:0: asynchronous
[    4.663126] random: fast init done
[    4.667904] scsi 2:0:1:0: Direct-Access     VBOX     HARDDISK         1.0  PQ: 0 ANSI: 5
[    4.708245] scsi target2:0:1: Beginning Domain Validation
[    4.722427] scsi target2:0:1: Domain Validation skipping write tests
[    4.728752] scsi target2:0:1: Ending Domain Validation
[    4.733713] scsi target2:0:1: asynchronous
[    4.753151] sd 2:0:0:0: Attached scsi generic sg0 type 0
[    4.753486] random: systemd-udevd: uninitialized urandom read (16 bytes read)
[    4.759779] sd 2:0:1:0: Attached scsi generic sg1 type 0
[    4.769419] sd 2:0:1:0: [sdb] 20480 512-byte logical blocks: (10.5 MB/10.0 MiB)
[    4.783921] random: systemd-udevd: uninitialized urandom read (16 bytes read)
[    4.793123] random: systemd-udevd: uninitialized urandom read (16 bytes read)
[    4.793186] sd 2:0:0:0: [sda] 83886080 512-byte logical blocks: (42.9 GB/40.0 GiB)
[    4.802395] sd 2:0:1:0: [sdb] Write Protect is off
[    4.817033] sd 2:0:0:0: [sda] Write Protect is off
[    4.817649] sd 2:0:1:0: [sdb] Incomplete mode parameter data
[    4.825966] sd 2:0:1:0: [sdb] Assuming drive cache: write through
[    4.834245] sd 2:0:0:0: [sda] Incomplete mode parameter data
[    4.840947] sd 2:0:0:0: [sda] Assuming drive cache: write through
[    4.905636]  sda: sda1
[    4.908964] sd 2:0:1:0: [sdb] Attached SCSI disk
[    4.918077] sd 2:0:0:0: [sda] Attached SCSI disk
Begin: Loading essential drivers ... [    7.603310] raid6: sse2x1   gen() 186825 MB/s
[    8.606999] raid6: sse2x1   xor() 224574 MB/s
[    9.605564] raid6: sse2x2   gen() 382824 MB/s
[   10.606679] raid6: sse2x2   xor() 257678 MB/s
[   12.608917] raid6: sse2x4   gen() 434798 MB/s
[   12.668451] raid6: sse2x4   xor() 11687 MB/s
[   12.671954] raid6: using algorithm sse2x4 gen() 434798 MB/s
[   12.679105] raid6: .... xor() 11687 MB/s, rmw enabled
[   12.683954] raid6: using ssse3x2 recovery algorithm
[   12.692881] xor: measuring software checksum speed
[   12.736684]    prefetch64-sse: 18504.000 MB/sec
[   12.776787]    generic_sse: 17506.000 MB/sec
[   12.779981] xor: using function: prefetch64-sse (18504.000 MB/sec)
[   12.787755] async_tx: api initialized (async)
done.
Begin: Running /scripts/init-premount ... done.
Begin: Mounting root file system ... Begin: Running /scripts/local-top ... done.
Begin: Running /scripts/local-premount ... [   12.851893] Btrfs loaded, crc32c=crc32c-intel
Scanning for Btrfs filesystems
done.
Warning: fsck not present, so skipping root file system
[   13.014382] EXT4-fs (sda1): mounted filesystem with ordered data mode. Opts: (null)
done.
Begin: Running /scripts/local-bottom ... done.
Begin: Running /scripts/init-bottom ... done.
[   14.151857] ip_tables: (C) 2000-2006 Netfilter Core Team
[   14.253845] systemd[1]: systemd 237 running in system mode. (+PAM +AUDIT +SELINUX +IMA +APPARMOR +SMACK +SYSVINIT +UTMP +LIBCRYPTSETUP +GCRYPT +GNUTLS +ACL +XZ +LZ4 +SECCOMP +BLKID +ELFUTILS +KMOD -IDN2 +IDN -PCRE2 default-hierarchy=hybrid)
[   14.277235] systemd[1]: Detected virtualization oracle.
[   14.283589] systemd[1]: Detected architecture x86-64.

Welcome to [1mUbuntu 18.04.6 LTS[0m!

[   14.388683] systemd[1]: Set hostname to <ubuntu>.
[   14.431459] systemd[1]: Initializing machine ID from random generator.
[   14.436272] systemd[1]: Installed transient /etc/machine-id file.
[   14.763762] random: crng init done
[   14.767326] random: 7 urandom warning(s) missed due to ratelimiting
[   17.787682] systemd[1]: Reached target Swap.
[[0;32m  OK  [0m] Reached target Swap.
[   17.804967] systemd[1]: Created slice User and Session Slice.
[[0;32m  OK  [0m] Created slice User and Session Slice.
[   17.811973] systemd[1]: Started Forward Password Requests to Wall Directory Watch.
[[0;32m  OK  [0m] Started Forward Password Requests to Wall Directory Watch.
[   17.823771] systemd[1]: Set up automount Arbitrary Executable File Formats File System Automount Point.
[[0;32m  OK  [0m] Set up automount Arbitrary Executab…rmats File System Automount Point.
[[0;32m  OK  [0m] Created slice System Slice.
[[0;32m  OK  [0m] Listening on Network Service Netlink Socket.
[[0;32m  OK  [0m] Listening on /dev/initctl Compatibility Named Pipe.
[[0;32m  OK  [0m] Reached target Slices.
[[0;32m  OK  [0m] Listening on LVM2 poll daemon socket.
[[0;32m  OK  [0m] Created slice system-serial\x2dgetty.slice.
[[0;32m  OK  [0m] Listening on udev Control Socket.
[[0;32m  OK  [0m] Listening on Journal Socket (/dev/log).
[[0;32m  OK  [0m] Listening on udev Kernel Socket.
[[0;32m  OK  [0m] Listening on Device-mapper event daemon FIFOs.
[[0;32m  OK  [0m] Listening on LVM2 metadata daemon socket.
[[0;32m  OK  [0m] Listening on Journal Audit Socket.
[[0;32m  OK  [0m] Listening on fsck to fsckd communication Socket.
[[0;32m  OK  [0m] Reached target User and Group Name Lookups.
[[0;32m  OK  [0m] Listening on Journal Socket.
         Starting Load Kernel Modules...
         Starting Monitoring of LVM2 mirrors…ng dmeventd or progress polling...
         Mounting Huge Pages File System...
         Starting Set the console keyboard layout...
         Mounting Kernel Debug File System...
         Starting Create list of required st…ce nodes for the current kernel...
         Starting Uncomplicated firewall...
         Starting udev Coldplug all Devices...
         Starting File System Check on Root Device...
[[0;32m  OK  [0m] Reached target System Time Synchronized.
         Mounting POSIX Message Queue File System...
[[0;32m  OK  [0m] Listening on Syslog Socket.
         Starting Journal Service...
[   17.995585] Loading iSCSI transport class v2.0-870.
[[0;32m  OK  [0m] Started Create list of required sta…vice nodes for the current kernel.
         Starting Create Static Device Nodes in /dev...
[[0;32m  OK  [0m] Started Uncomplicated firewall.
[[0;32m  OK  [0m] Started File System Check Daemon to report status.
[[0;32m  OK  [0m] Started udev Coldplug all Devices.
[   18.198332] iscsi: registered transport (tcp)
[[0;32m  OK  [0m] Started Journal Service.
[[0;32m  OK  [0m] Mounted Huge Pages File System.
[[0;32m  OK  [0m] Mounted Kernel Debug File System.
[[0;32m  OK  [0m] Mounted POSIX Message Queue File System.
[   18.494978] iscsi: registered transport (iser)
[[0;32m  OK  [0m] Started Load Kernel Modules.
         Mounting FUSE Control File System...
         Mounting Kernel Configuration File System...
         Starting Apply Kernel Variables...
[[0;32m  OK  [0m] Mounted FUSE Control File System.
[[0;32m  OK  [0m] Mounted Kernel Configuration File System.
[[0;32m  OK  [0m] Started File System Check on Root Device.
         Starting Remount Root and Kernel File Systems...
[[0;32m  OK  [0m] Started Remount Root and Kernel File Systems.
         Starting Flush Journal to Persistent Storage...
         Starting Load/Save Random Seed...
[[0;32m  OK  [0m] Started Set the console keyboard layout.
[[0;32m  OK  [0m] Started Create Static Device Nodes in /dev.
[[0;32m  OK  [0m] Started Apply Kernel Variables.
[[0;32m  OK  [0m] Started LVM2 metadata daemon.
         Starting udev Kernel Device Manager...
[[0;32m  OK  [0m] Started Load/Save Random Seed.
[[0;32m  OK  [0m] Started Monitoring of LVM2 mirrors,…sing dmeventd or progress polling.
[[0;32m  OK  [0m] Started Flush Journal to Persistent Storage.
[[0;32m  OK  [0m] Reached target Local File Systems (Pre).
[[0;32m  OK  [0m] Reached target Local File Systems.
         Starting AppArmor initialization...
         Starting Set console font and keymap...
         Starting ebtables ruleset management...
         Starting Create Volatile Files and Directories...
         Starting Commit a transient machine-id on disk...
         Starting Tell Plymouth To Write Out Runtime Data...
[[0;32m  OK  [0m] Started Set console font and keymap.
[[0;32m  OK  [0m] Started udev Kernel Device Manager.
[[0;32m  OK  [0m] Started Dispatch Password Requests to Console Directory Watch.
[[0;32m  OK  [0m] Reached target Local Encrypted Volumes.
[[0;32m  OK  [0m] Started Tell Plymouth To Write Out Runtime Data.
[[0;32m  OK  [0m] Started Create Volatile Files and Directories.
         Starting Update UTMP about System Boot/Shutdown...
[[0;32m  OK  [0m] Started Update UTMP about System Boot/Shutdown.
[[0;32m  OK  [0m] Started Commit a transient machine-id on disk.
[[0;32m  OK  [0m] Started ebtables ruleset management.
[[0;32m  OK  [0m] Found device /dev/ttyS0.
[[0;32m  OK  [0m] Listening on Load/Save RF Kill Switch Status /dev/rfkill Watch.
[[0;32m  OK  [0m] Started AppArmor initialization.
         Starting Initial cloud-init job (pre-networking)...
         Starting Load AppArmor profiles managed internally by snapd...
[[0;32m  OK  [0m] Started Load AppArmor profiles managed internally by snapd.
[   29.374938] cloud-init[515]: Cloud-init v. 21.2-3-g899bfaa9-0ubuntu2~18.04.1 running 'init-local' at Tue, 14 Dec 2021 11:32:40 +0000. Up 28.47 seconds.
[[0;32m  OK  [0m] Started Initial cloud-init job (pre-networking).
[[0;32m  OK  [0m] Reached target Network (Pre).
         Starting Network Service...
[[0;32m  OK  [0m] Started Network Service.
         Starting Wait for Network to be Configured...
         Starting Network Name Resolution...
[[0;32m  OK  [0m] Started Network Name Resolution.
[[0;32m  OK  [0m] Reached target Host and Network Name Lookups.
[[0;32m  OK  [0m] Reached target Network.
[[0;32m  OK  [0m] Started Wait for Network to be Configured.
         Starting Initial cloud-init job (metadata service crawler)...
[   31.856331] cloud-init[638]: Cloud-init v. 21.2-3-g899bfaa9-0ubuntu2~18.04.1 running 'init' at Tue, 14 Dec 2021 11:32:44 +0000. Up 31.71 seconds.
[   31.863133] cloud-init[638]: ci-info: +++++++++++++++++++++++++++++++++++++Net device info++++++++++++++++++++++++++++++++++++++
[   31.868978] cloud-init[638]: ci-info: +--------+------+---------------------------+---------------+--------+-------------------+
[   31.874893] cloud-init[638]: ci-info: | Device |  Up  |          Address          |      Mask     | Scope  |     Hw-Address    |
[   31.880762] cloud-init[638]: ci-info: +--------+------+---------------------------+---------------+--------+-------------------+
[   31.886399] cloud-init[638]: ci-info: | enp0s3 | True |         10.0.2.15         | 255.255.255.0 | global | 02:2f:77:f1:0c:e0 |
[   31.892540] cloud-init[638]: ci-info: | enp0s3 | True | fe80::2f:77ff:fef1:ce0/64 |       .       |  link  | 02:2f:77:f1:0c:e0 |
[   31.898262] cloud-init[638]: ci-info: |   lo   | True |         127.0.0.1         |   255.0.0.0   |  host  |         .         |
[   31.904707] cloud-init[638]: ci-info: |   lo   | True |          ::1/128          |       .       |  host  |         .         |
[   31.910358] cloud-init[638]: ci-info: +--------+------+---------------------------+---------------+--------+-------------------+
[   31.916060] cloud-init[638]: ci-info: ++++++++++++++++++++++++++++Route IPv4 info+++++++++++++++++++++++++++++
[   31.921794] cloud-init[638]: ci-info: +-------+-------------+----------+-----------------+-----------+-------+
[   31.927410] cloud-init[638]: ci-info: | Route | Destination | Gateway  |     Genmask     | Interface | Flags |
[   31.933255] cloud-init[638]: ci-info: +-------+-------------+----------+-----------------+-----------+-------+
[   31.938692] cloud-init[638]: ci-info: |   0   |   0.0.0.0   | 10.0.2.2 |     0.0.0.0     |   enp0s3  |   UG  |
[   31.944111] cloud-init[638]: ci-info: |   1   |   10.0.2.0  | 0.0.0.0  |  255.255.255.0  |   enp0s3  |   U   |
[   31.949641] cloud-init[638]: ci-info: |   2   |   10.0.2.2  | 0.0.0.0  | 255.255.255.255 |   enp0s3  |   UH  |
[   31.955206] cloud-init[638]: ci-info: +-------+-------------+----------+-----------------+-----------+-------+
[   31.960699] cloud-init[638]: ci-info: +++++++++++++++++++Route IPv6 info+++++++++++++++++++
[   31.965658] cloud-init[638]: ci-info: +-------+-------------+---------+-----------+-------+
[   31.970382] cloud-init[638]: ci-info: | Route | Destination | Gateway | Interface | Flags |
[   31.976955] cloud-init[638]: ci-info: +-------+-------------+---------+-----------+-------+
[   31.982035] cloud-init[638]: ci-info: |   1   |  fe80::/64  |    ::   |   enp0s3  |   U   |
[   31.986857] cloud-init[638]: ci-info: |   3   |    local    |    ::   |   enp0s3  |   U   |
[   31.992122] cloud-init[638]: ci-info: |   4   |   ff00::/8  |    ::   |   enp0s3  |   U   |
[   31.997089] cloud-init[638]: ci-info: +-------+-------------+---------+-----------+-------+
[   34.390722] cloud-init[638]: Generating public/private rsa key pair.
[   34.395648] cloud-init[638]: Your identification has been saved in /etc/ssh/ssh_host_rsa_key.
[   34.400978] cloud-init[638]: Your public key has been saved in /etc/ssh/ssh_host_rsa_key.pub.
[   34.406111] cloud-init[638]: The key fingerprint is:
[   34.410143] cloud-init[638]: SHA256:jt3jJW2OAc+d3LsM937iW91Cyf7dO3sZtXWqbUyr9w4 root@ubuntu-bionic
[   34.415332] cloud-init[638]: The key's randomart image is:
[   34.419626] cloud-init[638]: +---[RSA 2048]----+
[   34.423679] cloud-init[638]: |                 |
[   34.427620] cloud-init[638]: |                 |[
[0;32m  OK  [0m] Started Initial cloud-init job (metadata service crawler).
[   34.434439] cloud-init[638]: |                 |
[   34.436048] cloud-init[638]: |             . .+|
[   34.437568] cloud-init[638]: |        S     +.=|
[   34.439243] cloud-init[638]: |       + = + =ooo|
[   34.441502] cloud-init[638]: |      . o B O=E.*|
[   34.443088] cloud-init[638]: |         . O.+BX=|
[   34.445148] cloud-init[638]: |          o o=*X#|
[   34.446730] cloud-init[638]: +----[SHA256]-----+
[   34.448418] cloud-init[638]: Generating public/private dsa key pair.
[[   34.450712] cloud-init[638]: Your identification has been saved in /etc/ssh/ssh_host_dsa_key.
[   34.450937] cloud-init[638]: Your public key has been saved in /etc/ssh/ssh_host_dsa_key.pub.
[   34.450969] cloud-init[638]: The key fingerprint is:
[   34.450997] cloud-init[638]: SHA256:5cxwl5H8ML9stpE3ji1TsKVD3/Jrtyppn6eq4N0PB2E root@ubuntu-bionic
[   34.451389] cloud-init[638]: The key's randomart image is:
[   34.451756] cloud-init[638]: +---[DSA 1024]----+
[   34.452262] cloud-init[638]: |           ...   |
[   34.452558] cloud-init[638]: |            =o   |
[   34.452598] cloud-init[638]: |        . oEo=   |
[   34.452683] cloud-init[638]: |         B...oo. |
[   34.452729] cloud-init[638]: |        S +...*o.|
[   34.453116] cloud-init[638]: |            .+O+o|
[   34.453146] cloud-init[638]: |       .   ..+**.|
[   34.453182] cloud-init[638]: |      . o .+o+o=o|
[   34.453549] cloud-init[638]: |       . ooo=*Bo+|
[   34.453582] cloud-init[638]: +----[SHA256]-----+
[   34.453611] cloud-init[638]: Generating public/private ecdsa key pair.
[   34.454011] cloud-init[638]: Your identification has been saved in /etc/ssh/ssh_host_ecdsa_key.
[   34.454045] cloud-init[638]: Your public key has been saved in /etc/ssh/ssh_host_ecdsa_key.pub.
[   34.454077] cloud-init[638]: The key fingerprint is:
[   34.454647] cloud-init[638]: SHA256:nNfkJIj+Q29of/f5qtX3Se+7Vjciud8TaTsLpfG41eM root@ubuntu-bionic
[   34.455000] cloud-init[638]: The key's randomart image is:
[   34.455372] cloud-init[638]: +---[ECDSA 256]---+
[   34.455772] cloud-init[638]: |                 |
[   34.456296] cloud-init[638]: |       . .       |
[   34.456544] cloud-init[638]: |      . . . o    |
[   34.456888] cloud-init[638]: |     . . . *     |
[   34.456922] cloud-init[638]: |      . S . +. ..|
[   34.456953] cloud-init[638]: |       o + o .**+|
[   34.456981] cloud-init[638]: |        = o o++=X|
[   34.457010] cloud-init[638]: |       . + ...O=B|
[   34.457038] cloud-init[638]: |          ..o=oE&|
[   34.457069] cloud-init[638]: +----[SHA256]-----+
[   34.457449] cloud-init[638]: Generating public/private ed25519 key pair.
[   34.457808] cloud-init[638]: Your identification has been saved in /etc/ssh/ssh_host_ed25519_key.
[   34.458158] cloud-init[638]: Your public key has been saved in /etc/ssh/ssh_host_ed25519_key.pub.
[   34.458524] cloud-init[638]: The key fingerprint is:
[   34.458876] cloud-init[638]: SHA256:QVLimXlpvJpjrHvEB/hNK/Qw2ZbQ0Vk90EqpOTTFHH4 root@ubuntu-bionic
[   34.459235] cloud-init[638]: The key's randomart image is:
[   34.459611] cloud-init[638]: +--[ED25519 256]--+
[   34.459965] cloud-init[638]: |      oo+o *=*   |
[   34.459998] cloud-init[638]: |     ..O..=.= +  |
[   34.460029] cloud-init[638]: |     .=+*o =..E. |
[   34.460971] cloud-init[638]: |    . *o=o+ ..   |
[   34.461458] cloud-init[638]: |     + OS. .     |
[   34.461799] cloud-init[638]: |     .=o=        |
[   34.461831] cloud-init[638]: |     .*o         |
[   34.461859] cloud-init[638]: |     o..         |
[   34.461931] cloud-init[638]: |    oo           |
[   34.461971] cloud-init[638]: +----[SHA256]-----+
[0;32m  OK  [0m] Reached target System Initialization.
         Starting LXD - unix socket.
[[0;32m  OK  [0m] Started Message of the Day.
[[0;32m  OK  [0m] Listening on UUID daemon activation socket.
[[0;32m  OK  [0m] Started Discard unused blocks once a week.
[[0;32m  OK  [0m] Listening on Open-iSCSI iscsid Socket.
[[0;32m  OK  [0m] Listening on ACPID Listen Socket.
[[0;32m  OK  [0m] Started ACPI Events Check.
         Starting Socket activation for snappy daemon.
[[0;32m  OK  [0m] Listening on D-Bus System Message Bus Socket.
[[0;32m  OK  [0m] Started Ubuntu Advantage update messaging.
[[0;32m  OK  [0m] Reached target Paths.
[[0;32m  OK  [0m] Started Daily Cleanup of Temporary Directories.
[[0;32m  OK  [0m] Started Daily apt download activities.
[[0;32m  OK  [0m] Started Daily apt upgrade and clean activities.
[[0;32m  OK  [0m] Reached target Timers.
[[0;32m  OK  [0m] Reached target Network is Online.
[[0;32m  OK  [0m] Reached target Remote File Systems (Pre).
[[0;32m  OK  [0m] Reached target Remote File Systems.
         Starting Availability of block devices...
[[0;32m  OK  [0m] Reached target Cloud-config availability.
[[0;32m  OK  [0m] Listening on LXD - unix socket.
[[0;32m  OK  [0m] Listening on Socket activation for snappy daemon.
[[0;32m  OK  [0m] Reached target Sockets.
[[0;32m  OK  [0m] Reached target Basic System.
         Starting Virtualbox guest utils...
         Starting Pollinate to seed the pseudo random number generator...
[[0;32m  OK  [0m] Started Deferred execution scheduler.
         Starting Dispatcher daemon for systemd-networkd...
[[0;32m  OK  [0m] Started FUSE filesystem for LXC.
         Starting Login Service...
         Starting LSB: automatic crash report generation...
         Starting Accounts Service...
         Starting LXD - container startup/shutdown...
[[0;32m  OK  [0m] Started Regular background program processing daemon.
[[0;32m  OK  [0m] Started D-Bus System Message Bus.
         Starting Permit User Sessions...
         Starting Snap Daemon...
         Starting LSB: Record successful boot for GRUB...
[[0;32m  OK  [0m] Started irqbalance daemon.
         Starting System Logging Service...
[[0;32m  OK  [0m] Started Availability of block devices.
[[0;32m  OK  [0m] Started Permit User Sessions.
[[0;32m  OK  [0m] Started Login Service.
         Starting Authorization Manager...
[[0;32m  OK  [0m] Started Unattended Upgrades Shutdown.
         Starting Hold until boot process finishes up...
         Starting Terminate Plymouth Boot Screen...
[[0;32m  OK  [0m] Started Hold until boot process finishes up.
[[0;32m  OK  [0m] Started Terminate Plymouth Boot Screen.
[[0;32m  OK  [0m] Started Serial Getty on ttyS0.
         Starting Set console scheme...
[[0;32m  OK  [0m] Started Dispatcher daemon for systemd-networkd.
[[0;32m  OK  [0m] Started Set console scheme.
[[0;32m  OK  [0m] Created slice system-getty.slice.
[[0;32m  OK  [0m] Started Getty on tty1.
[[0;32m  OK  [0m] Reached target Login Prompts.
[[0;32m  OK  [0m] Started LSB: automatic crash report generation.
[[0;32m  OK  [0m] Started System Logging Service.
[[0;32m  OK  [0m] Started LSB: Record successful boot for GRUB.
[[0;32m  OK  [0m] Started Authorization Manager.
[[0;32m  OK  [0m] Started Accounts Service.
[[0;32m  OK  [0m] Started Virtualbox guest utils.
[[0;32m  OK  [0m] Started LXD - container startup/shutdown.
[[0;32m  OK  [0m] Started Pollinate to seed the pseudo random number generator.
         Starting OpenBSD Secure Shell server...
[[0;32m  OK  [0m] Started OpenBSD Secure Shell server.
[[0;32m  OK  [0m] Started Snap Daemon.
         Starting Wait until snapd is fully seeded...

Ubuntu 18.04.6 LTS ubuntu-bionic ttyS0

ubuntu-bionic login: [   48.173074] cloud-init[1333]: Cloud-init v. 21.2-3-g899bfaa9-0ubuntu2~18.04.1 running 'modules:config' at Tue, 14 Dec 2021 11:32:56 +0000. Up 44.24 seconds.
ci-info: no authorized SSH keys fingerprints found for user ubuntu.
<14>Dec 14 11:33:01 cloud-init: #############################################################
<14>Dec 14 11:33:01 cloud-init: -----BEGIN SSH HOST KEY FINGERPRINTS-----
<14>Dec 14 11:33:01 cloud-init: 1024 SHA256:5cxwl5H8ML9stpE3ji1TsKVD3/Jrtyppn6eq4N0PB2E root@ubuntu-bionic (DSA)
<14>Dec 14 11:33:01 cloud-init: 256 SHA256:nNfkJIj+Q29of/f5qtX3Se+7Vjciud8TaTsLpfG41eM root@ubuntu-bionic (ECDSA)
<14>Dec 14 11:33:01 cloud-init: 256 SHA256:QVLimXlpvJpjrHvEB/hNK/Qw2ZbQ0Vk90EqpOTTFHH4 root@ubuntu-bionic (ED25519)
<14>Dec 14 11:33:01 cloud-init: 2048 SHA256:jt3jJW2OAc+d3LsM937iW91Cyf7dO3sZtXWqbUyr9w4 root@ubuntu-bionic (RSA)
<14>Dec 14 11:33:01 cloud-init: -----END SSH HOST KEY FINGERPRINTS-----
<14>Dec 14 11:33:01 cloud-init: #############################################################
-----BEGIN SSH HOST KEY KEYS-----
ecdsa-sha2-nistp256 AAAAE2VjZHNhLXNoYTItbmlzdHAyNTYAAAAIbmlzdHAyNTYAAABBBGp1iaGSytz88d7RzvqD5uvcntg65V7JlJvOEaX2f0eSW/0B5UROYn5e5Isj6B+s3oLKgRZa6oKWWSctUEsiW3Q= root@ubuntu-bionic
ssh-ed25519 AAAAC3NzaC1lZDI1NTE5AAAAICdDcQJqYttpdFmDP4IoRxUcB7rCy55eMJ3wY+vwhw7G root@ubuntu-bionic
ssh-rsa AAAAB3NzaC1yc2EAAAADAQABAAABAQDkFJH2ppJdTukDYoHIlBFpt+BWtkgDOToKp0i4Uw+ilZ0lVYk3aZY5gvxhJMsqVsLRyH03U4g0kfG7m3utla+vDaY0/9jkYVAbJF45IVcl9+I6yMX8pF2syYg2ayWDllMcnLEQ0XFjkOZw7GcNgCOF3GUr5EJTUjg6MHE+NCH+kP4ZX94nvJY42UTsDpwUUNPLvR00ccOtdPNwmOz6JXx/NepdVgUvisTl5A+2cJIZUkQj7bfVRsjRCVkU/A33xQIauibIaBNdmZBkDv9HYK6DLaeJTYJu2BsGfHStZds+Ke21MerweE2Eu0Lu5XeH9KDhbJX1NuTyO3h8sC6OQ4ED root@ubuntu-bionic
-----END SSH HOST KEY KEYS-----
[   48.889668] cloud-init[1519]: Cloud-init v. 21.2-3-g899bfaa9-0ubuntu2~18.04.1 running 'modules:final' at Tue, 14 Dec 2021 11:33:01 +0000. Up 48.58 seconds.
[   48.889885] cloud-init[1519]: ci-info: no authorized SSH keys fingerprints found for user ubuntu.
[   48.890228] cloud-init[1519]: Cloud-init v. 21.2-3-g899bfaa9-0ubuntu2~18.04.1 finished at Tue, 14 Dec 2021 11:33:01 +0000. Datasource DataSourceNoCloud [seed=/dev/sdb][dsmode=net].  Up 48.88 seconds
[[0;32m  OK  [0m] Stopped Unattended Upgrades Shutdown.
         Stopping User Manager for UID 1000...
         Stopping Session 15 of user vagrant.
[[0;32m  OK  [0m] Stopped target Cloud-init target.
[[0;32m  OK  [0m] Stopped Execute cloud user/final scripts.
[[0;32m  OK  [0m] Closed Load/Save RF Kill Switch Status /dev/rfkill Watch.
[[0;32m  OK  [0m] Stopped target Timers.
[[0;32m  OK  [0m] Stopped Discard unused blocks once a week.
[[0;32m  OK  [0m] Stopped Message of the Day.
[[0;32m  OK  [0m] Stopped Ubuntu Advantage update messaging.
[[0;32m  OK  [0m] Stopped Daily Cleanup of Temporary Directories.
[[0;32m  OK  [0m] Stopped Clean PHP session files every 30 mins.
[[0;32m  OK  [0m] Stopped target Graphical Interface.
[[0;32m  OK  [0m] Stopped Daily apt upgrade and clean activities.
[[0;32m  OK  [0m] Stopped Daily apt download activities.
[[0;32m  OK  [0m] Stopped target System Time Synchronized.
         Stopping Availability of block devices...
[[0;32m  OK  [0m] Stopped Apply the settings specified in cloud-config.
[[0;32m  OK  [0m] Stopped target Cloud-config availability.
[[0;32m  OK  [0m] Stopped target Multi-User System.
         Stopping The Apache HTTP Server...
         Stopping LXD - container startup/shutdown...
         Stopping Deferred execution scheduler...
         Stopping System Logging Service...
         Stopping D-Bus System Message Bus...
         Stopping LSB: Record successful boot for GRUB...
[[0;32m  OK  [0m] Stopped target Login Prompts.
         Stopping Serial Getty on ttyS0...
         Stopping Getty on tty1...
         Stopping OpenBSD Secure Shell server...
         Stopping LSB: automatic crash report generation...
         Stopping Regular background program processing daemon...
         Stopping FUSE filesystem for LXC...
         Stopping MySQL Community Server...
         Stopping irqbalance daemon...
         Stopping Authorization Manager...
[[0;32m  OK  [0m] Stopped Wait until snapd is fully seeded.
         Stopping Virtualbox guest utils...
         Stopping Dispatcher daemon for systemd-networkd...
         Stopping Accounts Service...
[[0;32m  OK  [0m] Stopped OpenBSD Secure Shell server.
[[0;32m  OK  [0m] Stopped D-Bus System Message Bus.
[[0;32m  OK  [0m] Stopped Dispatcher daemon for systemd-networkd.
[[0;32m  OK  [0m] Stopped Deferred execution scheduler.
[[0;32m  OK  [0m] Stopped Regular background program processing daemon.
[[0;32m  OK  [0m] Unmounted /var/lib/lxcfs.
[[0;32m  OK  [0m] Stopped Accounts Service.
[[0;32m  OK  [0m] Stopped irqbalance daemon.
[[0;32m  OK  [0m] Stopped Authorization Manager.
[[0;32m  OK  [0m] Stopped Serial Getty on ttyS0.
[[0;32m  OK  [0m] Stopped System Logging Service.
[[0;32m  OK  [0m] Stopped Getty on tty1.
[[0;32m  OK  [0m] Stopped User Manager for UID 1000.
[[0;32m  OK  [0m] Stopped Availability of block devices.
[[0;32m  OK  [0m] Stopped LSB: Record successful boot for GRUB.
[[0;32m  OK  [0m] Stopped LSB: automatic crash report generation.
[[0;32m  OK  [0m] Stopped FUSE filesystem for LXC.
[[0;32m  OK  [0m] Stopped Session 15 of user vagrant.
[[0;32m  OK  [0m] Removed slice User Slice of vagrant.
         Stopping Login Service...
[[0;32m  OK  [0m] Removed slice system-getty.slice.
         Stopping Permit User Sessions...
[[0;32m  OK  [0m] Removed slice system-serial\x2dgetty.slice.
[[0;32m  OK  [0m] Stopped LXD - container startup/shutdown.
[[0;32m  OK  [0m] Stopped Permit User Sessions.
[[0;32m  OK  [0m] Stopped Virtualbox guest utils.
[[0;32m  OK  [0m] Stopped Login Service.
[[0;32m  OK  [0m] Stopped target User and Group Name Lookups.
[[0;32m  OK  [0m] Stopped The Apache HTTP Server.
[[0;32m  OK  [0m] Stopped target Remote File Systems.
         Unmounting /vagrant...
[[0;32m  OK  [0m] Stopped target Host and Network Name Lookups.
[[0;32m  OK  [0m] Unmounted /vagrant.
[[0;32m  OK  [0m] Stopped target Network is Online.
[[0;32m  OK  [0m] Stopped target Remote File Systems (Pre).
[[0;32m  OK  [0m] Stopped MySQL Community Server.
[[0;32m  OK  [0m] Stopped target Network.
         Stopping Network Name Resolution...
[[0;32m  OK  [0m] Stopped target Basic System.
[[0;32m  OK  [0m] Stopped target Slices.
[[0;32m  OK  [0m] Removed slice User and Session Slice.
[[0;32m  OK  [0m] Stopped target Sockets.
[[0;32m  OK  [0m] Closed Syslog Socket.
[[0;32m  OK  [0m] Closed Socket activation for snappy daemon.
[[0;32m  OK  [0m] Closed ACPID Listen Socket.
[[0;32m  OK  [0m] Closed Open-iSCSI iscsid Socket.
[[0;32m  OK  [0m] Closed LXD - unix socket.
[[0;32m  OK  [0m] Closed UUID daemon activation socket.
[[0;32m  OK  [0m] Closed D-Bus System Message Bus Socket.
[[0;32m  OK  [0m] Stopped target Paths.
[[0;32m  OK  [0m] Stopped ACPI Events Check.
[[0;32m  OK  [0m] Stopped target System Initialization.
         Stopping Update UTMP about System Boot/Shutdown...
[[0;32m  OK  [0m] Stopped Initial cloud-init job (metadata service crawler).
[[0;32m  OK  [0m] Stopped Wait for Network to be Configured.
         Stopping Load/Save Random Seed...
[[0;32m  OK  [0m] Stopped Commit a transient machine-id on disk.
[[0;32m  OK  [0m] Stopped target Local Encrypted Volumes.
[[0;32m  OK  [0m] Stopped Forward Password Requests to Wall Directory Watch.
[[0;32m  OK  [0m] Stopped Dispatch Password Requests to Console Directory Watch.
[[0;32m  OK  [0m] Stopped Network Name Resolution.
[[0;32m  OK  [0m] Stopped Load/Save Random Seed.
         Stopping Network Service...
[[0;32m  OK  [0m] Stopped Update UTMP about System Boot/Shutdown.
[[0;32m  OK  [0m] Stopped Create Volatile Files and Directories.
[[0;32m  OK  [0m] Stopped target Local File Systems.
         Unmounting /run/user/1000...
[[0;32m  OK  [0m] Unmounted /run/user/1000.
[[0;32m  OK  [0m] Reached target Unmount All Filesystems.
[[0;32m  OK  [0m] Stopped target Swap.
[[0;32m  OK  [0m] Stopped target Local File Systems (Pre).
[[0;32m  OK  [0m] Stopped Create Static Device Nodes in /dev.
         Stopping Monitoring of LVM2 mirrors…ng dmeventd or progress polling...
[[0;32m  OK  [0m] Stopped Network Service.
[[0;32m  OK  [0m] Stopped Apply Kernel Variables.
[[0;32m  OK  [0m] Stopped Load Kernel Modules.
[[0;32m  OK  [0m] Stopped target Network (Pre).
[[0;32m  OK  [0m] Stopped Initial cloud-init job (pre-networking).
[[0;32m  OK  [0m] Stopped Remount Root and Kernel File Systems.
[[0;32m  OK  [0m] Reached target Shutdown.
[[0;32m  OK  [0m] Reached target Final Step.
         Starting Power-Off...
[[0;32m  OK  [0m] Stopped Monitoring of LVM2 mirrors,…sing dmeventd or progress polling.
         Stopping LVM2 metadata daemon...
[[0;32m  OK  [0m] Stopped LVM2 metadata daemon.
[ 5853.687999] reboot: Power down
